<?xml version="1.0" encoding="UTF-8"?>
<testsuite name="EdgeConnectorTest" tests="13" skipped="0" failures="0" errors="0" timestamp="2021-11-06T22:17:01" hostname="Masons-MacBook-Pro.local" time="0.043">
  <properties/>
  <testcase name="testGetEndPoint1" classname="EdgeConnectorTest" time="0.012"/>
  <testcase name="testGetEndPoint2" classname="EdgeConnectorTest" time="0.002"/>
  <testcase name="testGetEndStyle1" classname="EdgeConnectorTest" time="0.002"/>
  <testcase name="testGetEndStyle2" classname="EdgeConnectorTest" time="0.002"/>
  <testcase name="testGetNumConnector" classname="EdgeConnectorTest" time="0.013"/>
  <testcase name="testGetIsEP1Field" classname="EdgeConnectorTest" time="0.002"/>
  <testcase name="testGetIsEP1Table" classname="EdgeConnectorTest" time="0.002"/>
  <testcase name="testGetIsEP2Field" classname="EdgeConnectorTest" time="0.0"/>
  <testcase name="testGetIsEP2Table" classname="EdgeConnectorTest" time="0.002"/>
  <testcase name="testSetIsEP1Field" classname="EdgeConnectorTest" time="0.001"/>
  <testcase name="testSetIsEP1Table" classname="EdgeConnectorTest" time="0.001"/>
  <testcase name="testSetIsEP2Field" classname="EdgeConnectorTest" time="0.002"/>
  <testcase name="testSetIsEP2Table" classname="EdgeConnectorTest" time="0.001"/>
  <system-out><![CDATA[18:17:01.207 [Test worker] INFO  EdgeConnectorTest - Setting up test using EdgeConnector
18:17:01.216 [Test worker] INFO  EdgeConnectorTest - Setting up test using EdgeConnector
18:17:01.218 [Test worker] INFO  EdgeConnectorTest - Setting up test using EdgeConnector
18:17:01.220 [Test worker] INFO  EdgeConnectorTest - Setting up test using EdgeConnector
18:17:01.222 [Test worker] INFO  EdgeConnectorTest - Setting up test using EdgeConnector
18:17:01.236 [Test worker] INFO  EdgeConnectorTest - Setting up test using EdgeConnector
18:17:01.237 [Test worker] INFO  EdgeConnectorTest - Setting up test using EdgeConnector
18:17:01.240 [Test worker] INFO  EdgeConnectorTest - Setting up test using EdgeConnector
18:17:01.241 [Test worker] INFO  EdgeConnectorTest - Setting up test using EdgeConnector
18:17:01.242 [Test worker] INFO  EdgeConnectorTest - Setting up test using EdgeConnector
18:17:01.243 [Test worker] INFO  EdgeConnectorTest - Setting up test using EdgeConnector
18:17:01.244 [Test worker] INFO  EdgeConnectorTest - Setting up test using EdgeConnector
18:17:01.246 [Test worker] INFO  EdgeConnectorTest - Setting up test using EdgeConnector
]]></system-out>
  <system-err><![CDATA[]]></system-err>
</testsuite>
