<?xml version="1.0" encoding="UTF-8"?>
<testsuite name="EdgeTableTest" tests="13" skipped="0" failures="0" errors="0" timestamp="2021-11-23T02:14:21" hostname="DESKTOP-KN8F29K" time="0.017">
  <properties/>
  <testcase name="testMoveFieldUp_usingFirstField" classname="EdgeTableTest" time="0.002"/>
  <testcase name="testAddRelatedFields_withoutNativeField" classname="EdgeTableTest" time="0.0"/>
  <testcase name="testMoveFieldUp" classname="EdgeTableTest" time="0.002"/>
  <testcase name="testAddRelatedFields" classname="EdgeTableTest" time="0.001"/>
  <testcase name="testAddRelatedTables" classname="EdgeTableTest" time="0.001"/>
  <testcase name="testMoveFieldDown_usingLastField" classname="EdgeTableTest" time="0.001"/>
  <testcase name="testMoveFieldDown_usingInvalidField" classname="EdgeTableTest" time="0.0"/>
  <testcase name="testAddNativeFields" classname="EdgeTableTest" time="0.0"/>
  <testcase name="testMoveFieldUp_usingInvalidField" classname="EdgeTableTest" time="0.001"/>
  <testcase name="testMoveFieldDown" classname="EdgeTableTest" time="0.001"/>
  <testcase name="testNumFigureField" classname="EdgeTableTest" time="0.001"/>
  <testcase name="testNameField" classname="EdgeTableTest" time="0.0"/>
  <testcase name="testToStringMethod" classname="EdgeTableTest" time="0.002"/>
  <system-out><![CDATA[21:14:21.088 [Test worker] INFO  EdgeConnectorTest - Setting up test using EdgeTable
21:14:21.090 [Test worker] INFO  EdgeConnectorTest - RelatedField before moving field up : [4, 4, 6]
21:14:21.090 [Test worker] INFO  EdgeConnectorTest - RelatedField after moving the field up. Should be set to [4, 5, 6] is set to : [4, 4, 6]
21:14:21.090 [Test worker] INFO  EdgeConnectorTest - Setting up test using EdgeTable
21:14:21.090 [Test worker] INFO  EdgeConnectorTest - Running test with an index out of bound exception...
21:14:21.091 [Test worker] INFO  EdgeConnectorTest - Setting up test using EdgeTable
21:14:21.092 [Test worker] INFO  EdgeConnectorTest - RelatedField before moving field up : [4, 5, 6]
21:14:21.092 [Test worker] INFO  EdgeConnectorTest - RelatedField after moving the field up. Should be set to [5, 4, 6] is set to : [5, 4, 6]
21:14:21.093 [Test worker] INFO  EdgeConnectorTest - Setting up test using EdgeTable
21:14:21.094 [Test worker] INFO  EdgeConnectorTest - Testing that the RelatedFields was set correctly. Should be set to [4] is set to : [4]
21:14:21.095 [Test worker] INFO  EdgeConnectorTest - Setting up test using EdgeTable
21:14:21.095 [Test worker] INFO  EdgeConnectorTest - Testing that the RelatedTablesField was set correctly. Should be set to [4] is set to : [4]
21:14:21.096 [Test worker] INFO  EdgeConnectorTest - Setting up test using EdgeTable
21:14:21.097 [Test worker] INFO  EdgeConnectorTest - RelatedField before moving field down : [4, 5, 6]
21:14:21.097 [Test worker] INFO  EdgeConnectorTest - RelatedField after moving the field down. Should be set to [4, 5, 6] is set to : [4, 5, 6]
21:14:21.097 [Test worker] INFO  EdgeConnectorTest - Setting up test using EdgeTable
21:14:21.097 [Test worker] INFO  EdgeConnectorTest - RelatedField before moving field down : [4, 5, 6]
21:14:21.098 [Test worker] INFO  EdgeConnectorTest - Setting up test using EdgeTable
21:14:21.098 [Test worker] INFO  EdgeConnectorTest - Testing that the NativeFields was set correctly. Should be set to [4] is set to : [4]
21:14:21.099 [Test worker] INFO  EdgeConnectorTest - Setting up test using EdgeTable
21:14:21.100 [Test worker] INFO  EdgeConnectorTest - RelatedField before moving field up : [4, 5, 6]
21:14:21.100 [Test worker] INFO  EdgeConnectorTest - Setting up test using EdgeTable
21:14:21.101 [Test worker] INFO  EdgeConnectorTest - RelatedField before moving field down : [4, 5, 6]
21:14:21.101 [Test worker] INFO  EdgeConnectorTest - RelatedField after moving the field down. Should be set to [4, 6, 5] is set to : [4, 6, 5]
21:14:21.101 [Test worker] INFO  EdgeConnectorTest - Setting up test using EdgeTable
21:14:21.102 [Test worker] INFO  EdgeConnectorTest - Setting up test using EdgeTable
21:14:21.103 [Test worker] INFO  EdgeConnectorTest - Setting up test using EdgeTable
21:14:21.104 [Test worker] INFO  EdgeConnectorTest - Output of testObj.toString() : Table: 3
{
TableName: Test
NativeFields: 4|5|6
RelatedTables: 3|4
RelatedFields: 4|5|6
}

]]></system-out>
  <system-err><![CDATA[]]></system-err>
</testsuite>
