<?xml version="1.0" encoding="UTF-8"?>
<testsuite name="EdgeConvertFileParserTest" tests="11" skipped="0" failures="0" errors="0" timestamp="2021-11-06T22:17:01" hostname="Masons-MacBook-Pro.local" time="8.61">
  <properties/>
  <testcase name="testIsEntityFieldSettingInConstructor" classname="EdgeConvertFileParserTest" time="0.043"/>
  <testcase name="testIsAttributeFieldSettingInConstructor" classname="EdgeConvertFileParserTest" time="0.028"/>
  <testcase name="testAlFieldsFieldSettingInConstructor" classname="EdgeConvertFileParserTest" time="0.028"/>
  <testcase name="testNumLineFieldSettingInConstructor" classname="EdgeConvertFileParserTest" time="0.007"/>
  <testcase name="testNumConnectorFieldSettingInConstructor" classname="EdgeConvertFileParserTest" time="0.01"/>
  <testcase name="testOpenFileWithEdgeId" classname="EdgeConvertFileParserTest" time="0.015"/>
  <testcase name="testAlConnectorsFieldSettingInConstructor" classname="EdgeConvertFileParserTest" time="0.014"/>
  <testcase name="testOpenFileWithSaveId" classname="EdgeConvertFileParserTest" time="0.008"/>
  <testcase name="testOpenFileWithNeitherSaveNorOpenHandling" classname="EdgeConvertFileParserTest" time="8.426"/>
  <testcase name="testNumFigureFieldSettingInConstructor" classname="EdgeConvertFileParserTest" time="0.014"/>
  <testcase name="testParseFileFieldSettingInConstructor" classname="EdgeConvertFileParserTest" time="0.003"/>
  <system-out><![CDATA[18:17:01.383 [Test worker] INFO  EdgeConvertFileParserTest - Setting up test using EdgeConvertFileParser
18:17:01.384 [Test worker] INFO  EdgeConvertFileParser - Parsing edge file...
18:17:01.422 [Test worker] INFO  EdgeConvertFileParser - Resolving connectors...
18:17:01.423 [Test worker] INFO  EdgeConvertFileParser - Parsing save file...
18:17:01.426 [Test worker] INFO  EdgeConvertFileParserTest - Setting up test using EdgeConvertFileParser
18:17:01.428 [Test worker] INFO  EdgeConvertFileParser - Parsing edge file...
18:17:01.448 [Test worker] INFO  EdgeConvertFileParser - Resolving connectors...
18:17:01.451 [Test worker] INFO  EdgeConvertFileParser - Parsing save file...
18:17:01.456 [Test worker] INFO  EdgeConvertFileParserTest - Setting up test using EdgeConvertFileParser
18:17:01.457 [Test worker] INFO  EdgeConvertFileParser - Parsing edge file...
18:17:01.461 [Test worker] INFO  EdgeConvertFileParser - Resolving connectors...
18:17:01.461 [Test worker] INFO  EdgeConvertFileParser - Parsing save file...
18:17:01.485 [Test worker] INFO  EdgeConvertFileParserTest - Setting up test using EdgeConvertFileParser
18:17:01.485 [Test worker] INFO  EdgeConvertFileParser - Parsing edge file...
18:17:01.488 [Test worker] INFO  EdgeConvertFileParser - Resolving connectors...
18:17:01.488 [Test worker] INFO  EdgeConvertFileParser - Parsing save file...
18:17:01.491 [Test worker] INFO  EdgeConvertFileParserTest - Setting up test using EdgeConvertFileParser
18:17:01.492 [Test worker] INFO  EdgeConvertFileParser - Parsing edge file...
18:17:01.496 [Test worker] INFO  EdgeConvertFileParser - Resolving connectors...
18:17:01.497 [Test worker] INFO  EdgeConvertFileParser - Parsing save file...
18:17:01.502 [Test worker] INFO  EdgeConvertFileParserTest - Setting up test using EdgeConvertFileParser
18:17:01.502 [Test worker] INFO  EdgeConvertFileParser - Parsing edge file...
18:17:01.512 [Test worker] INFO  EdgeConvertFileParser - Resolving connectors...
18:17:01.512 [Test worker] INFO  EdgeConvertFileParser - Parsing save file...
18:17:01.517 [Test worker] INFO  EdgeConvertFileParserTest - Setting up test using EdgeConvertFileParser
18:17:01.519 [Test worker] INFO  EdgeConvertFileParser - Parsing edge file...
18:17:01.527 [Test worker] INFO  EdgeConvertFileParser - Resolving connectors...
18:17:01.528 [Test worker] INFO  EdgeConvertFileParser - Parsing save file...
18:17:01.533 [Test worker] INFO  EdgeConvertFileParserTest - Setting up test using EdgeConvertFileParser
18:17:01.535 [Test worker] INFO  EdgeConvertFileParser - Parsing edge file...
18:17:01.538 [Test worker] INFO  EdgeConvertFileParser - Resolving connectors...
18:17:01.539 [Test worker] INFO  EdgeConvertFileParser - Parsing save file...
18:17:01.542 [Test worker] INFO  EdgeConvertFileParserTest - Setting up test using EdgeConvertFileParser
18:17:01.542 [Test worker] INFO  EdgeConvertFileParser - Parsing edge file...
18:17:01.546 [Test worker] INFO  EdgeConvertFileParser - Resolving connectors...
18:17:01.547 [Test worker] INFO  EdgeConvertFileParser - Parsing save file...
18:17:09.976 [Test worker] INFO  EdgeConvertFileParserTest - Setting up test using EdgeConvertFileParser
18:17:09.977 [Test worker] INFO  EdgeConvertFileParser - Parsing edge file...
18:17:09.985 [Test worker] INFO  EdgeConvertFileParser - Resolving connectors...
18:17:09.986 [Test worker] INFO  EdgeConvertFileParser - Parsing save file...
18:17:09.989 [Test worker] INFO  EdgeConvertFileParserTest - Setting up test using EdgeConvertFileParser
18:17:09.989 [Test worker] INFO  EdgeConvertFileParser - Parsing edge file...
18:17:09.990 [Test worker] INFO  EdgeConvertFileParser - Resolving connectors...
18:17:09.991 [Test worker] INFO  EdgeConvertFileParser - Parsing save file...
]]></system-out>
  <system-err><![CDATA[Warning: the fonts "Times" and "Times" are not available for the Java logical font "Serif", which may have unexpected appearance or behavior. Re-enable the "Times" font to remove this warning.
]]></system-err>
</testsuite>
