<?xml version="1.0" encoding="UTF-8"?>
<testsuite name="EdgeConnectorTest" tests="13" skipped="0" failures="0" errors="0" timestamp="2021-11-23T02:14:21" hostname="DESKTOP-KN8F29K" time="0.026">
  <properties/>
  <testcase name="testGetEndPoint1" classname="EdgeConnectorTest" time="0.01"/>
  <testcase name="testGetEndPoint2" classname="EdgeConnectorTest" time="0.0"/>
  <testcase name="testGetEndStyle1" classname="EdgeConnectorTest" time="0.001"/>
  <testcase name="testGetEndStyle2" classname="EdgeConnectorTest" time="0.001"/>
  <testcase name="testGetNumConnector" classname="EdgeConnectorTest" time="0.004"/>
  <testcase name="testGetIsEP1Field" classname="EdgeConnectorTest" time="0.001"/>
  <testcase name="testGetIsEP1Table" classname="EdgeConnectorTest" time="0.001"/>
  <testcase name="testGetIsEP2Field" classname="EdgeConnectorTest" time="0.0"/>
  <testcase name="testGetIsEP2Table" classname="EdgeConnectorTest" time="0.001"/>
  <testcase name="testSetIsEP1Field" classname="EdgeConnectorTest" time="0.001"/>
  <testcase name="testSetIsEP1Table" classname="EdgeConnectorTest" time="0.001"/>
  <testcase name="testSetIsEP2Field" classname="EdgeConnectorTest" time="0.001"/>
  <testcase name="testSetIsEP2Table" classname="EdgeConnectorTest" time="0.001"/>
  <system-out><![CDATA[21:14:21.023 [Test worker] INFO  EdgeConnectorTest - Setting up test using EdgeConnector
21:14:21.029 [Test worker] INFO  EdgeConnectorTest - Setting up test using EdgeConnector
21:14:21.030 [Test worker] INFO  EdgeConnectorTest - Setting up test using EdgeConnector
21:14:21.032 [Test worker] INFO  EdgeConnectorTest - Setting up test using EdgeConnector
21:14:21.032 [Test worker] INFO  EdgeConnectorTest - Setting up test using EdgeConnector
21:14:21.037 [Test worker] INFO  EdgeConnectorTest - Setting up test using EdgeConnector
21:14:21.038 [Test worker] INFO  EdgeConnectorTest - Setting up test using EdgeConnector
21:14:21.039 [Test worker] INFO  EdgeConnectorTest - Setting up test using EdgeConnector
21:14:21.040 [Test worker] INFO  EdgeConnectorTest - Setting up test using EdgeConnector
21:14:21.041 [Test worker] INFO  EdgeConnectorTest - Setting up test using EdgeConnector
21:14:21.042 [Test worker] INFO  EdgeConnectorTest - Setting up test using EdgeConnector
21:14:21.042 [Test worker] INFO  EdgeConnectorTest - Setting up test using EdgeConnector
21:14:21.044 [Test worker] INFO  EdgeConnectorTest - Setting up test using EdgeConnector
]]></system-out>
  <system-err><![CDATA[]]></system-err>
</testsuite>
